<?xml version='1.0' encoding='UTF-8'?>
<testsuite hostname="freebsd" name="ca.wbac.Chapter3Spec" tests="2" errors="0" failures="0" skipped="0" time="0.024" timestamp="2019-02-20T17:37:58">
                     <properties>
[...]
</properties>
                     <testcase classname="ca.wbac.Chapter3Spec" name="24: should return true for sub-lists within super lists" time="0.022">
                                                 
                                               </testcase><testcase classname="ca.wbac.Chapter3Spec" name="25: should count the nodes in a tree" time="0.002">
                                                 
                                               </testcase>
                     <system-out><![CDATA[]]></system-out>
                     <system-err><![CDATA[]]></system-err>
                   </testsuite>